<?xml version="1.0" encoding="UTF-8"?>
<!-- Generated by org.testng.reporters.JUnitReportReporter -->
<testsuite hostname="LTIN574512" failures="0" tests="3" name="testcases.RegisterTest" time="25.394" errors="0" timestamp="2024-09-21T17:27:22 IST" skipped="0">
  <testcase classname="testcases.RegisterTest" name="validateErrorMessagesOfMandatoryFields" time="7.375"/>
  <testcase classname="testcases.RegisterTest" name="differentPasswordinConfirmPasswordField" time="8.067"/>
  <testcase classname="testcases.RegisterTest" name="registerWithMandatoryFields" time="9.952"/>
</testsuite> <!-- testcases.RegisterTest -->
