<?xml version="1.0" encoding="UTF-8"?>
<!-- Generated by org.testng.reporters.JUnitReportReporter -->
<testsuite hostname="LTIN574512" failures="0" tests="2" name="testcases.SearchTest" time="17.228" errors="0" timestamp="2024-09-21T23:10:05 IST" skipped="0">
  <testcase classname="testcases.SearchTest" name="seachWithNonExsistingProductNameFromHomePage" time="7.899"/>
  <testcase classname="testcases.SearchTest" name="seachWithExsistingProductNameFromHomePage" time="9.329"/>
</testsuite> <!-- testcases.SearchTest -->
