<?xml version="1.0" encoding="UTF-8"?>
<!-- Generated by org.testng.reporters.JUnitReportReporter -->
<testsuite hostname="LTIN574512" failures="0" tests="3" name="testcases.Register" time="29.227" errors="0" timestamp="2024-09-21T15:04:40 IST" skipped="0">
  <testcase classname="testcases.Register" name="validateErrorMessagesOfMandatoryFields" time="8.196"/>
  <testcase classname="testcases.Register" name="differentPasswordinConfirmPasswordField" time="9.663"/>
  <testcase classname="testcases.Register" name="registerWithMandatoryFields" time="11.368"/>
</testsuite> <!-- testcases.Register -->
